Running: C:\Xilinx\14.7\ISE_DS\ISE\bin\nt64\unwrapped\fuse.exe -intstyle ise -incremental -o C:/Users/Mateusz/Desktop/SemestrVI/UCISKP/Snake/VGA_640x480_tb_isim_beh.exe -prj C:/Users/Mateusz/Desktop/SemestrVI/UCISKP/Snake/VGA_640x480_tb_beh.prj work.VGA_640x480_tb 
ISim P.20131013 (signature 0x7708f090)
Number of CPUs detected in this system: 4
Turning on mult-threading, number of parallel sub-compilation jobs: 8 
Determining compilation order of HDL files
Parsing VHDL file "C:/Users/Mateusz/Desktop/SemestrVI/UCISKP/Snake/VGA_640x480.vhd" into library work
Parsing VHDL file "C:/Users/Mateusz/Desktop/SemestrVI/UCISKP/Snake/VGA_640x480_tb.vhd" into library work
Starting static elaboration
Completed static elaboration
Compiling package standard
Compiling package std_logic_1164
Compiling package numeric_std
Compiling architecture behavioral of entity VGA_640x480 [vga_640x480_default]
Compiling architecture behavior of entity vga_640x480_tb
Time Resolution for simulation is 1ps.
Waiting for 1 sub-compilation(s) to finish...
Compiled 6 VHDL Units
Built simulation executable C:/Users/Mateusz/Desktop/SemestrVI/UCISKP/Snake/VGA_640x480_tb_isim_beh.exe
Fuse Memory Usage: 35732 KB
Fuse CPU Usage: 484 ms
