Command line:
   kbdDecoder_tb_isim_beh.exe
     -simmode  gui
     -simrunnum  0
     -socket  15298

Sun Mar 05 14:05:17 2017


 Elaboration Time: 0.03125 sec

 Current Memory Usage: 836.202 Meg

 Total Signals          : 14
 Total Nets             : 16
 Total Signal Drivers   : 7
 Total Blocks           : 3
 Total Primitive Blocks : 2
 Total Processes        : 2
 Total Traceable Variables  : 8
 Total Scalar Nets and Variables : 376
Total Line Count : 66

 Total Simulation Time: 0.046875 sec

 Current Memory Usage: 678.916 Meg

Sun Mar 05 14:06:28 2017

