Command line:
   timer_tb_isim_beh.exe
     -simmode  gui
     -simrunnum  0
     -socket  13695

Sat Mar 04 23:35:55 2017


 Elaboration Time: 0.03125 sec

 Current Memory Usage: 836.276 Meg

 Total Signals          : 10
 Total Nets             : 40
 Total Signal Drivers   : 6
 Total Blocks           : 4
 Total Primitive Blocks : 3
 Total Processes        : 4
 Total Traceable Variables  : 14
 Total Scalar Nets and Variables : 524
Total Line Count : 27

 Total Simulation Time: 0.03125 sec

 Current Memory Usage: 836.276 Meg

Sat Mar 04 23:35:58 2017

